<?xml version="1.0" encoding="UTF-8"?>
<testsuites>
  <testsuite name="fastlane.lanes">
    
    
    
      
      <testcase classname="fastlane.lanes" name="0: google_play_track_version_codes" time="1.765735">
        
          <failure message="/Users/ayyappa/.rbenv/versions/2.7.2/lib/ruby/gems/2.7.0/gems/fastlane-2.195.0/fastlane/lib/fastlane/actions/actions_helper.rb:67:in `execute_action'&#10;/Users/ayyappa/.rbenv/versions/2.7.2/lib/ruby/gems/2.7.0/gems/fastlane-2.195.0/fastlane/lib/fastlane/runner.rb:255:in `block in execute_action'&#10;/Users/ayyappa/.rbenv/versions/2.7.2/lib/ruby/gems/2.7.0/gems/fastlane-2.195.0/fastlane/lib/fastlane/runner.rb:229:in `chdir'&#10;/Users/ayyappa/.rbenv/versions/2.7.2/lib/ruby/gems/2.7.0/gems/fastlane-2.195.0/fastlane/lib/fastlane/runner.rb:229:in `execute_action'&#10;/Users/ayyappa/.rbenv/versions/2.7.2/lib/ruby/gems/2.7.0/gems/fastlane-2.195.0/fastlane/lib/fastlane/runner.rb:157:in `trigger_action_by_name'&#10;/Users/ayyappa/.rbenv/versions/2.7.2/lib/ruby/gems/2.7.0/gems/fastlane-2.195.0/fastlane/lib/fastlane/fast_file.rb:159:in `method_missing'&#10;platforms/android/Fastfile:107:in `block in get_next_version_code'&#10;platforms/android/Fastfile:105:in `map'&#10;platforms/android/Fastfile:105:in `get_next_version_code'&#10;platforms/android/Fastfile:16:in `block (2 levels) in parsing_binding'&#10;/Users/ayyappa/.rbenv/versions/2.7.2/lib/ruby/gems/2.7.0/gems/fastlane-2.195.0/fastlane/lib/fastlane/runner.rb:291:in `execute_flow_block'&#10;/Users/ayyappa/.rbenv/versions/2.7.2/lib/ruby/gems/2.7.0/gems/fastlane-2.195.0/fastlane/lib/fastlane/runner.rb:46:in `block in execute'&#10;/Users/ayyappa/.rbenv/versions/2.7.2/lib/ruby/gems/2.7.0/gems/fastlane-2.195.0/fastlane/lib/fastlane/runner.rb:45:in `chdir'&#10;/Users/ayyappa/.rbenv/versions/2.7.2/lib/ruby/gems/2.7.0/gems/fastlane-2.195.0/fastlane/lib/fastlane/runner.rb:45:in `execute'&#10;/Users/ayyappa/.rbenv/versions/2.7.2/lib/ruby/gems/2.7.0/gems/fastlane-2.195.0/fastlane/lib/fastlane/lane_manager.rb:47:in `cruise_lane'&#10;/Users/ayyappa/.rbenv/versions/2.7.2/lib/ruby/gems/2.7.0/gems/fastlane-2.195.0/fastlane/lib/fastlane/command_line_handler.rb:36:in `handle'&#10;/Users/ayyappa/.rbenv/versions/2.7.2/lib/ruby/gems/2.7.0/gems/fastlane-2.195.0/fastlane/lib/fastlane/commands_generator.rb:109:in `block (2 levels) in run'&#10;/Users/ayyappa/.rbenv/versions/2.7.2/lib/ruby/gems/2.7.0/gems/commander-4.6.0/lib/commander/command.rb:187:in `call'&#10;/Users/ayyappa/.rbenv/versions/2.7.2/lib/ruby/gems/2.7.0/gems/commander-4.6.0/lib/commander/command.rb:157:in `run'&#10;/Users/ayyappa/.rbenv/versions/2.7.2/lib/ruby/gems/2.7.0/gems/commander-4.6.0/lib/commander/runner.rb:444:in `run_active_command'&#10;/Users/ayyappa/.rbenv/versions/2.7.2/lib/ruby/gems/2.7.0/gems/fastlane-2.195.0/fastlane_core/lib/fastlane_core/ui/fastlane_runner.rb:117:in `run!'&#10;/Users/ayyappa/.rbenv/versions/2.7.2/lib/ruby/gems/2.7.0/gems/commander-4.6.0/lib/commander/delegates.rb:18:in `run!'&#10;/Users/ayyappa/.rbenv/versions/2.7.2/lib/ruby/gems/2.7.0/gems/fastlane-2.195.0/fastlane/lib/fastlane/commands_generator.rb:353:in `run'&#10;/Users/ayyappa/.rbenv/versions/2.7.2/lib/ruby/gems/2.7.0/gems/fastlane-2.195.0/fastlane/lib/fastlane/commands_generator.rb:42:in `start'&#10;/Users/ayyappa/.rbenv/versions/2.7.2/lib/ruby/gems/2.7.0/gems/fastlane-2.195.0/fastlane/lib/fastlane/cli_tools_distributor.rb:122:in `take_off'&#10;/Users/ayyappa/.rbenv/versions/2.7.2/lib/ruby/gems/2.7.0/gems/fastlane-2.195.0/bin/fastlane:23:in `&lt;top (required)&gt;'&#10;/Users/ayyappa/.rbenv/versions/2.7.2/bin/fastlane:23:in `load'&#10;/Users/ayyappa/.rbenv/versions/2.7.2/bin/fastlane:23:in `&lt;top (required)&gt;'&#10;/Users/ayyappa/.rbenv/versions/2.7.2/lib/ruby/2.7.0/bundler/cli/exec.rb:63:in `load'&#10;/Users/ayyappa/.rbenv/versions/2.7.2/lib/ruby/2.7.0/bundler/cli/exec.rb:63:in `kernel_load'&#10;/Users/ayyappa/.rbenv/versions/2.7.2/lib/ruby/2.7.0/bundler/cli/exec.rb:28:in `run'&#10;/Users/ayyappa/.rbenv/versions/2.7.2/lib/ruby/2.7.0/bundler/cli.rb:476:in `exec'&#10;/Users/ayyappa/.rbenv/versions/2.7.2/lib/ruby/2.7.0/bundler/vendor/thor/lib/thor/command.rb:27:in `run'&#10;/Users/ayyappa/.rbenv/versions/2.7.2/lib/ruby/2.7.0/bundler/vendor/thor/lib/thor/invocation.rb:127:in `invoke_command'&#10;/Users/ayyappa/.rbenv/versions/2.7.2/lib/ruby/2.7.0/bundler/vendor/thor/lib/thor.rb:399:in `dispatch'&#10;/Users/ayyappa/.rbenv/versions/2.7.2/lib/ruby/2.7.0/bundler/cli.rb:30:in `dispatch'&#10;/Users/ayyappa/.rbenv/versions/2.7.2/lib/ruby/2.7.0/bundler/vendor/thor/lib/thor/base.rb:476:in `start'&#10;/Users/ayyappa/.rbenv/versions/2.7.2/lib/ruby/2.7.0/bundler/cli.rb:24:in `start'&#10;/Users/ayyappa/.rbenv/versions/2.7.2/lib/ruby/gems/2.7.0/gems/bundler-2.1.4/libexec/bundle:46:in `block in &lt;top (required)&gt;'&#10;/Users/ayyappa/.rbenv/versions/2.7.2/lib/ruby/2.7.0/bundler/friendly_errors.rb:123:in `with_friendly_errors'&#10;/Users/ayyappa/.rbenv/versions/2.7.2/lib/ruby/gems/2.7.0/gems/bundler-2.1.4/libexec/bundle:34:in `&lt;top (required)&gt;'&#10;/Users/ayyappa/.rbenv/versions/2.7.2/bin/bundle:23:in `load'&#10;/Users/ayyappa/.rbenv/versions/2.7.2/bin/bundle:23:in `&lt;main&gt;'&#10;&#10;Invalid request" />
        
      </testcase>
    
      
      <testcase classname="fastlane.lanes" name="1: google_play_track_version_codes" time="1.699579">
        
          <failure message="/Users/ayyappa/.rbenv/versions/2.7.2/lib/ruby/gems/2.7.0/gems/fastlane-2.195.0/fastlane/lib/fastlane/actions/actions_helper.rb:67:in `execute_action'&#10;/Users/ayyappa/.rbenv/versions/2.7.2/lib/ruby/gems/2.7.0/gems/fastlane-2.195.0/fastlane/lib/fastlane/runner.rb:255:in `block in execute_action'&#10;/Users/ayyappa/.rbenv/versions/2.7.2/lib/ruby/gems/2.7.0/gems/fastlane-2.195.0/fastlane/lib/fastlane/runner.rb:229:in `chdir'&#10;/Users/ayyappa/.rbenv/versions/2.7.2/lib/ruby/gems/2.7.0/gems/fastlane-2.195.0/fastlane/lib/fastlane/runner.rb:229:in `execute_action'&#10;/Users/ayyappa/.rbenv/versions/2.7.2/lib/ruby/gems/2.7.0/gems/fastlane-2.195.0/fastlane/lib/fastlane/runner.rb:157:in `trigger_action_by_name'&#10;/Users/ayyappa/.rbenv/versions/2.7.2/lib/ruby/gems/2.7.0/gems/fastlane-2.195.0/fastlane/lib/fastlane/fast_file.rb:159:in `method_missing'&#10;platforms/android/Fastfile:107:in `block in get_next_version_code'&#10;platforms/android/Fastfile:105:in `map'&#10;platforms/android/Fastfile:105:in `get_next_version_code'&#10;platforms/android/Fastfile:16:in `block (2 levels) in parsing_binding'&#10;/Users/ayyappa/.rbenv/versions/2.7.2/lib/ruby/gems/2.7.0/gems/fastlane-2.195.0/fastlane/lib/fastlane/runner.rb:291:in `execute_flow_block'&#10;/Users/ayyappa/.rbenv/versions/2.7.2/lib/ruby/gems/2.7.0/gems/fastlane-2.195.0/fastlane/lib/fastlane/runner.rb:46:in `block in execute'&#10;/Users/ayyappa/.rbenv/versions/2.7.2/lib/ruby/gems/2.7.0/gems/fastlane-2.195.0/fastlane/lib/fastlane/runner.rb:45:in `chdir'&#10;/Users/ayyappa/.rbenv/versions/2.7.2/lib/ruby/gems/2.7.0/gems/fastlane-2.195.0/fastlane/lib/fastlane/runner.rb:45:in `execute'&#10;/Users/ayyappa/.rbenv/versions/2.7.2/lib/ruby/gems/2.7.0/gems/fastlane-2.195.0/fastlane/lib/fastlane/lane_manager.rb:47:in `cruise_lane'&#10;/Users/ayyappa/.rbenv/versions/2.7.2/lib/ruby/gems/2.7.0/gems/fastlane-2.195.0/fastlane/lib/fastlane/command_line_handler.rb:36:in `handle'&#10;/Users/ayyappa/.rbenv/versions/2.7.2/lib/ruby/gems/2.7.0/gems/fastlane-2.195.0/fastlane/lib/fastlane/commands_generator.rb:109:in `block (2 levels) in run'&#10;/Users/ayyappa/.rbenv/versions/2.7.2/lib/ruby/gems/2.7.0/gems/commander-4.6.0/lib/commander/command.rb:187:in `call'&#10;/Users/ayyappa/.rbenv/versions/2.7.2/lib/ruby/gems/2.7.0/gems/commander-4.6.0/lib/commander/command.rb:157:in `run'&#10;/Users/ayyappa/.rbenv/versions/2.7.2/lib/ruby/gems/2.7.0/gems/commander-4.6.0/lib/commander/runner.rb:444:in `run_active_command'&#10;/Users/ayyappa/.rbenv/versions/2.7.2/lib/ruby/gems/2.7.0/gems/fastlane-2.195.0/fastlane_core/lib/fastlane_core/ui/fastlane_runner.rb:117:in `run!'&#10;/Users/ayyappa/.rbenv/versions/2.7.2/lib/ruby/gems/2.7.0/gems/commander-4.6.0/lib/commander/delegates.rb:18:in `run!'&#10;/Users/ayyappa/.rbenv/versions/2.7.2/lib/ruby/gems/2.7.0/gems/fastlane-2.195.0/fastlane/lib/fastlane/commands_generator.rb:353:in `run'&#10;/Users/ayyappa/.rbenv/versions/2.7.2/lib/ruby/gems/2.7.0/gems/fastlane-2.195.0/fastlane/lib/fastlane/commands_generator.rb:42:in `start'&#10;/Users/ayyappa/.rbenv/versions/2.7.2/lib/ruby/gems/2.7.0/gems/fastlane-2.195.0/fastlane/lib/fastlane/cli_tools_distributor.rb:122:in `take_off'&#10;/Users/ayyappa/.rbenv/versions/2.7.2/lib/ruby/gems/2.7.0/gems/fastlane-2.195.0/bin/fastlane:23:in `&lt;top (required)&gt;'&#10;/Users/ayyappa/.rbenv/versions/2.7.2/bin/fastlane:23:in `load'&#10;/Users/ayyappa/.rbenv/versions/2.7.2/bin/fastlane:23:in `&lt;top (required)&gt;'&#10;/Users/ayyappa/.rbenv/versions/2.7.2/lib/ruby/2.7.0/bundler/cli/exec.rb:63:in `load'&#10;/Users/ayyappa/.rbenv/versions/2.7.2/lib/ruby/2.7.0/bundler/cli/exec.rb:63:in `kernel_load'&#10;/Users/ayyappa/.rbenv/versions/2.7.2/lib/ruby/2.7.0/bundler/cli/exec.rb:28:in `run'&#10;/Users/ayyappa/.rbenv/versions/2.7.2/lib/ruby/2.7.0/bundler/cli.rb:476:in `exec'&#10;/Users/ayyappa/.rbenv/versions/2.7.2/lib/ruby/2.7.0/bundler/vendor/thor/lib/thor/command.rb:27:in `run'&#10;/Users/ayyappa/.rbenv/versions/2.7.2/lib/ruby/2.7.0/bundler/vendor/thor/lib/thor/invocation.rb:127:in `invoke_command'&#10;/Users/ayyappa/.rbenv/versions/2.7.2/lib/ruby/2.7.0/bundler/vendor/thor/lib/thor.rb:399:in `dispatch'&#10;/Users/ayyappa/.rbenv/versions/2.7.2/lib/ruby/2.7.0/bundler/cli.rb:30:in `dispatch'&#10;/Users/ayyappa/.rbenv/versions/2.7.2/lib/ruby/2.7.0/bundler/vendor/thor/lib/thor/base.rb:476:in `start'&#10;/Users/ayyappa/.rbenv/versions/2.7.2/lib/ruby/2.7.0/bundler/cli.rb:24:in `start'&#10;/Users/ayyappa/.rbenv/versions/2.7.2/lib/ruby/gems/2.7.0/gems/bundler-2.1.4/libexec/bundle:46:in `block in &lt;top (required)&gt;'&#10;/Users/ayyappa/.rbenv/versions/2.7.2/lib/ruby/2.7.0/bundler/friendly_errors.rb:123:in `with_friendly_errors'&#10;/Users/ayyappa/.rbenv/versions/2.7.2/lib/ruby/gems/2.7.0/gems/bundler-2.1.4/libexec/bundle:34:in `&lt;top (required)&gt;'&#10;/Users/ayyappa/.rbenv/versions/2.7.2/bin/bundle:23:in `load'&#10;/Users/ayyappa/.rbenv/versions/2.7.2/bin/bundle:23:in `&lt;main&gt;'&#10;&#10;Invalid request" />
        
      </testcase>
    
      
      <testcase classname="fastlane.lanes" name="2: google_play_track_version_codes" time="2.187474">
        
      </testcase>
    
      
      <testcase classname="fastlane.lanes" name="3: google_play_track_version_codes" time="1.564342">
        
          <failure message="/Users/ayyappa/.rbenv/versions/2.7.2/lib/ruby/gems/2.7.0/gems/fastlane-2.195.0/fastlane/lib/fastlane/actions/actions_helper.rb:67:in `execute_action'&#10;/Users/ayyappa/.rbenv/versions/2.7.2/lib/ruby/gems/2.7.0/gems/fastlane-2.195.0/fastlane/lib/fastlane/runner.rb:255:in `block in execute_action'&#10;/Users/ayyappa/.rbenv/versions/2.7.2/lib/ruby/gems/2.7.0/gems/fastlane-2.195.0/fastlane/lib/fastlane/runner.rb:229:in `chdir'&#10;/Users/ayyappa/.rbenv/versions/2.7.2/lib/ruby/gems/2.7.0/gems/fastlane-2.195.0/fastlane/lib/fastlane/runner.rb:229:in `execute_action'&#10;/Users/ayyappa/.rbenv/versions/2.7.2/lib/ruby/gems/2.7.0/gems/fastlane-2.195.0/fastlane/lib/fastlane/runner.rb:157:in `trigger_action_by_name'&#10;/Users/ayyappa/.rbenv/versions/2.7.2/lib/ruby/gems/2.7.0/gems/fastlane-2.195.0/fastlane/lib/fastlane/fast_file.rb:159:in `method_missing'&#10;platforms/android/Fastfile:107:in `block in get_next_version_code'&#10;platforms/android/Fastfile:105:in `map'&#10;platforms/android/Fastfile:105:in `get_next_version_code'&#10;platforms/android/Fastfile:16:in `block (2 levels) in parsing_binding'&#10;/Users/ayyappa/.rbenv/versions/2.7.2/lib/ruby/gems/2.7.0/gems/fastlane-2.195.0/fastlane/lib/fastlane/runner.rb:291:in `execute_flow_block'&#10;/Users/ayyappa/.rbenv/versions/2.7.2/lib/ruby/gems/2.7.0/gems/fastlane-2.195.0/fastlane/lib/fastlane/runner.rb:46:in `block in execute'&#10;/Users/ayyappa/.rbenv/versions/2.7.2/lib/ruby/gems/2.7.0/gems/fastlane-2.195.0/fastlane/lib/fastlane/runner.rb:45:in `chdir'&#10;/Users/ayyappa/.rbenv/versions/2.7.2/lib/ruby/gems/2.7.0/gems/fastlane-2.195.0/fastlane/lib/fastlane/runner.rb:45:in `execute'&#10;/Users/ayyappa/.rbenv/versions/2.7.2/lib/ruby/gems/2.7.0/gems/fastlane-2.195.0/fastlane/lib/fastlane/lane_manager.rb:47:in `cruise_lane'&#10;/Users/ayyappa/.rbenv/versions/2.7.2/lib/ruby/gems/2.7.0/gems/fastlane-2.195.0/fastlane/lib/fastlane/command_line_handler.rb:36:in `handle'&#10;/Users/ayyappa/.rbenv/versions/2.7.2/lib/ruby/gems/2.7.0/gems/fastlane-2.195.0/fastlane/lib/fastlane/commands_generator.rb:109:in `block (2 levels) in run'&#10;/Users/ayyappa/.rbenv/versions/2.7.2/lib/ruby/gems/2.7.0/gems/commander-4.6.0/lib/commander/command.rb:187:in `call'&#10;/Users/ayyappa/.rbenv/versions/2.7.2/lib/ruby/gems/2.7.0/gems/commander-4.6.0/lib/commander/command.rb:157:in `run'&#10;/Users/ayyappa/.rbenv/versions/2.7.2/lib/ruby/gems/2.7.0/gems/commander-4.6.0/lib/commander/runner.rb:444:in `run_active_command'&#10;/Users/ayyappa/.rbenv/versions/2.7.2/lib/ruby/gems/2.7.0/gems/fastlane-2.195.0/fastlane_core/lib/fastlane_core/ui/fastlane_runner.rb:117:in `run!'&#10;/Users/ayyappa/.rbenv/versions/2.7.2/lib/ruby/gems/2.7.0/gems/commander-4.6.0/lib/commander/delegates.rb:18:in `run!'&#10;/Users/ayyappa/.rbenv/versions/2.7.2/lib/ruby/gems/2.7.0/gems/fastlane-2.195.0/fastlane/lib/fastlane/commands_generator.rb:353:in `run'&#10;/Users/ayyappa/.rbenv/versions/2.7.2/lib/ruby/gems/2.7.0/gems/fastlane-2.195.0/fastlane/lib/fastlane/commands_generator.rb:42:in `start'&#10;/Users/ayyappa/.rbenv/versions/2.7.2/lib/ruby/gems/2.7.0/gems/fastlane-2.195.0/fastlane/lib/fastlane/cli_tools_distributor.rb:122:in `take_off'&#10;/Users/ayyappa/.rbenv/versions/2.7.2/lib/ruby/gems/2.7.0/gems/fastlane-2.195.0/bin/fastlane:23:in `&lt;top (required)&gt;'&#10;/Users/ayyappa/.rbenv/versions/2.7.2/bin/fastlane:23:in `load'&#10;/Users/ayyappa/.rbenv/versions/2.7.2/bin/fastlane:23:in `&lt;top (required)&gt;'&#10;/Users/ayyappa/.rbenv/versions/2.7.2/lib/ruby/2.7.0/bundler/cli/exec.rb:63:in `load'&#10;/Users/ayyappa/.rbenv/versions/2.7.2/lib/ruby/2.7.0/bundler/cli/exec.rb:63:in `kernel_load'&#10;/Users/ayyappa/.rbenv/versions/2.7.2/lib/ruby/2.7.0/bundler/cli/exec.rb:28:in `run'&#10;/Users/ayyappa/.rbenv/versions/2.7.2/lib/ruby/2.7.0/bundler/cli.rb:476:in `exec'&#10;/Users/ayyappa/.rbenv/versions/2.7.2/lib/ruby/2.7.0/bundler/vendor/thor/lib/thor/command.rb:27:in `run'&#10;/Users/ayyappa/.rbenv/versions/2.7.2/lib/ruby/2.7.0/bundler/vendor/thor/lib/thor/invocation.rb:127:in `invoke_command'&#10;/Users/ayyappa/.rbenv/versions/2.7.2/lib/ruby/2.7.0/bundler/vendor/thor/lib/thor.rb:399:in `dispatch'&#10;/Users/ayyappa/.rbenv/versions/2.7.2/lib/ruby/2.7.0/bundler/cli.rb:30:in `dispatch'&#10;/Users/ayyappa/.rbenv/versions/2.7.2/lib/ruby/2.7.0/bundler/vendor/thor/lib/thor/base.rb:476:in `start'&#10;/Users/ayyappa/.rbenv/versions/2.7.2/lib/ruby/2.7.0/bundler/cli.rb:24:in `start'&#10;/Users/ayyappa/.rbenv/versions/2.7.2/lib/ruby/gems/2.7.0/gems/bundler-2.1.4/libexec/bundle:46:in `block in &lt;top (required)&gt;'&#10;/Users/ayyappa/.rbenv/versions/2.7.2/lib/ruby/2.7.0/bundler/friendly_errors.rb:123:in `with_friendly_errors'&#10;/Users/ayyappa/.rbenv/versions/2.7.2/lib/ruby/gems/2.7.0/gems/bundler-2.1.4/libexec/bundle:34:in `&lt;top (required)&gt;'&#10;/Users/ayyappa/.rbenv/versions/2.7.2/bin/bundle:23:in `load'&#10;/Users/ayyappa/.rbenv/versions/2.7.2/bin/bundle:23:in `&lt;main&gt;'&#10;&#10;Invalid request" />
        
      </testcase>
    
      
      <testcase classname="fastlane.lanes" name="4: increment_version_code" time="0.003259">
        
      </testcase>
    
      
      <testcase classname="fastlane.lanes" name="5: Switch to android build lane" time="0.000401">
        
      </testcase>
    
      
      <testcase classname="fastlane.lanes" name="6: bundleRelease" time="2.034298">
        
      </testcase>
    
      
      <testcase classname="fastlane.lanes" name="7: shell command" time="0.010713">
        
      </testcase>
    
      
      <testcase classname="fastlane.lanes" name="8: shell command" time="0.665726">
        
      </testcase>
    
      
      <testcase classname="fastlane.lanes" name="9: say" time="3.033567">
        
      </testcase>
    
  </testsuite>
</testsuites>
